#
# An unexpected error has occurred (11)
#
Stack:
/opt/Xilinx/Vivado/2017.4/tps/lnx64/jre/lib/amd64/server/libjvm.so(+0x923da9) [0x7f0200357da9]
/opt/Xilinx/Vivado/2017.4/tps/lnx64/jre/lib/amd64/server/libjvm.so(JVM_handle_linux_signal+0xb6) [0x7f020035e3f6]
/opt/Xilinx/Vivado/2017.4/tps/lnx64/jre/lib/amd64/server/libjvm.so(+0x9209d3) [0x7f02003549d3]
/lib/x86_64-linux-gnu/libc.so.6(+0x3ef20) [0x7f023defdf20]
/opt/Xilinx/Vivado/2017.4/lib/lnx64.o/librdi_coregen.so(__gnu_cxx::__normal_iterator<HACGPAbstractionDefinitionPortsPort* const*, std::vector<HACGPAbstractionDefinitionPortsPort*, std::allocator<HACGPAbstractionDefinitionPortsPort*> > > std::__find_if<__gnu_cxx::__normal_iterator<HACGPAbstractionDefinitionPortsPort* const*, std::vector<HACGPAbstractionDefinitionPortsPort*, std::allocator<HACGPAbstractionDefinitionPortsPort*> > >, __gnu_cxx::__ops::_Iter_pred<boost::_bi::bind_t<bool, boost::_bi::equal, boost::_bi::list2<boost::_bi::bind_t<std::__cxx11::basic_string<char, std::char_traits<char>, std::allocator<char> > const&, boost::_mfi::cmf0<std::__cxx11::basic_string<char, std::char_traits<char>, std::allocator<char> > const&, HACGPAbstractionDefinitionPortsPort>, boost::_bi::list1<boost::arg<1> > >, boost::_bi::value<std::__cxx11::basic_string<char, std::char_traits<char>, std::allocator<char> > > > > > >(__gnu_cxx::__normal_iterator<HACGPAbstractionDefinitionPortsPort* const*, std::vector<HACGPAbstractionDefinitionPortsPort*, std::allocator<HACGPAbstractionDefinitionPortsPort*> > >, __gnu_cxx::__normal_iterator<HACGPAbstractionDefinitionPortsPort* const*, std::vector<HACGPAbstractionDefinitionPortsPort*, std::allocator<HACGPAbstractionDefinitionPortsPort*> > >, __gnu_cxx::__ops::_Iter_pred<boost::_bi::bind_t<bool, boost::_bi::equal, boost::_bi::list2<boost::_bi::bind_t<std::__cxx11::basic_string<char, std::char_traits<char>, std::allocator<char> > const&, boost::_mfi::cmf0<std::__cxx11::basic_string<char, std::char_traits<char>, std::allocator<char> > const&, HACGPAbstractionDefinitionPortsPort>, boost::_bi::list1<boost::arg<1> > >, boost::_bi::value<std::__cxx11::basic_string<char, std::char_traits<char>, std::allocator<char> > > > > >, std::random_access_iterator_tag)+0xc5) [0x7f022cc578f5]
/opt/Xilinx/Vivado/2017.4/lib/lnx64.o/librdi_coregen.so(+0xdd0cf4) [0x7f022cc57cf4]
/opt/Xilinx/Vivado/2017.4/lib/lnx64.o/librdi_coregen.so(HRSBCoAbsDefUtil::isClockAbsDefPort(std::__cxx11::basic_string<char, std::char_traits<char>, std::allocator<char> > const&) const+0x10) [0x7f022d28eef0]
/opt/Xilinx/Vivado/2017.4/lib/lnx64.o/librdi_rsb.so(HRSBEnUtil::writeOOCXdcFile(std::__cxx11::basic_string<char, std::char_traits<char>, std::allocator<char> > const&, HRSBMoDiagram*)+0x6bf) [0x7f0210559f5f]
/opt/Xilinx/Vivado/2017.4/lib/lnx64.o/librdi_rsb.so(HRSBEnEngineMgr::generateDesign(std::__cxx11::basic_string<char, std::char_traits<char>, std::allocator<char> > const&, std::__cxx11::basic_string<char, std::char_traits<char>, std::allocator<char> > const&)+0x963) [0x7f0210525cb3]
/opt/Xilinx/Vivado/2017.4/lib/lnx64.o/librdi_rsb.so(HRSBEnCompositeFile::generateTopHdlWrapper(std::__cxx11::basic_string<char, std::char_traits<char>, std::allocator<char> > const&, HDGUIStatus&)+0xd9) [0x7f02104d83c9]
/opt/Xilinx/Vivado/2017.4/lib/lnx64.o/librdi_rsb.so(HRSBEnCompositeFile::_generateFor_(HSTVector<std::__cxx11::basic_string<char, std::char_traits<char>, std::allocator<char> >, std::allocator<std::__cxx11::basic_string<char, std::char_traits<char>, std::allocator<char> > > > const&, HDGUIStatus&, bool)+0x660) [0x7f02104e3800]
/opt/Xilinx/Vivado/2017.4/lib/lnx64.o/librdi_filemgmt.so(HDDACompositeFile::generateFor(HSTVector<std::__cxx11::basic_string<char, std::char_traits<char>, std::allocator<char> >, std::allocator<std::__cxx11::basic_string<char, std::char_traits<char>, std::allocator<char> > > > const&, HDGUIStatus&, bool)+0x29a) [0x7f021980379a]
/opt/Xilinx/Vivado/2017.4/lib/lnx64.o/librdi_tcltasks.so(+0xacdcce) [0x7f023185ccce]
/opt/Xilinx/Vivado/2017.4/lib/lnx64.o/librdi_common.so(+0x747f82) [0x7f023f198f82]
/opt/Xilinx/Vivado/2017.4/lib/lnx64.o/libtcl8.5.so(+0x334af) [0x7f02399c44af]
/opt/Xilinx/Vivado/2017.4/lib/lnx64.o/libtcl8.5.so(+0x76875) [0x7f0239a07875]
/opt/Xilinx/Vivado/2017.4/lib/lnx64.o/libtcl8.5.so(+0x7e029) [0x7f0239a0f029]
/opt/Xilinx/Vivado/2017.4/lib/lnx64.o/libtcl8.5.so(TclEvalObjEx+0x76) [0x7f02399c6156]
/opt/Xilinx/Vivado/2017.4/lib/lnx64.o/librdi_common.so(+0x746491) [0x7f023f197491]
/opt/Xilinx/Vivado/2017.4/lib/lnx64.o/libtcl8.5.so(Tcl_ServiceEvent+0x7f) [0x7f0239a38b0f]
/opt/Xilinx/Vivado/2017.4/lib/lnx64.o/libtcl8.5.so(Tcl_DoOneEvent+0x154) [0x7f0239a38e44]
/opt/Xilinx/Vivado/2017.4/lib/lnx64.o/librdi_commontasks.so(+0x1f9215) [0x7f0234b5d215]
/opt/Xilinx/Vivado/2017.4/lib/lnx64.o/librdi_commontasks.so(+0x2011a3) [0x7f0234b651a3]
/opt/Xilinx/Vivado/2017.4/lib/lnx64.o/librdi_commontasks.so(+0x20223e) [0x7f0234b6623e]
/opt/Xilinx/Vivado/2017.4/lib/lnx64.o/librdi_common.so(+0x747f82) [0x7f023f198f82]
/opt/Xilinx/Vivado/2017.4/lib/lnx64.o/libtcl8.5.so(+0x334af) [0x7f02399c44af]
/opt/Xilinx/Vivado/2017.4/lib/lnx64.o/libtcl8.5.so(+0x76875) [0x7f0239a07875]
/opt/Xilinx/Vivado/2017.4/lib/lnx64.o/libtcl8.5.so(+0x7e029) [0x7f0239a0f029]
/opt/Xilinx/Vivado/2017.4/lib/lnx64.o/libtcl8.5.so(TclEvalObjEx+0x76) [0x7f02399c6156]
/opt/Xilinx/Vivado/2017.4/lib/lnx64.o/librdi_commonmain.so(+0x7414) [0x7f023e84d414]
/opt/Xilinx/Vivado/2017.4/lib/lnx64.o/libtcl8.5.so(Tcl_Main+0x1d0) [0x7f0239a31210]
/opt/Xilinx/Vivado/2017.4/lib/lnx64.o/librdi_common.so(+0x78ad0b) [0x7f023f1dbd0b]
/lib/x86_64-linux-gnu/libpthread.so.0(+0x76db) [0x7f023dca76db]
/lib/x86_64-linux-gnu/libc.so.6(clone+0x3f) [0x7f023dfe088f]
